{
  "RSpec": {
    "coverage": {
      "/home/observant-course-8584/tic-tac-toe-rb-online-web-sp-000/lib/tic_tac_toe.rb": [
        1,
        9424,
        null,
        null,
        null,
        null,
        1,
        null,
        null,
        null,
        null,
        null,
        null,
        null,
        null,
        null,
        null,
        1,
        43,
        277,
        null,
        null,
        null,
        null,
        null,
        1,
        168,
        null,
        null,
        1,
        11,
        null,
        null,
        1,
        23,
        null,
        null,
        1,
        7,
        6,
        null,
        null,
        null,
        1,
        0,
        null,
        null,
        1,
        26,
        26,
        26,
        26,
        26,
        null,
        null,
        null,
        1,
        9340,
        null,
        null,
        1,
        24,
        null,
        null,
        1,
        9340,
        null,
        null,
        1,
        230,
        null,
        null,
        1,
        22,
        null,
        null,
        1,
        9338,
        9337,
        9337,
        9337,
        21,
        21,
        null,
        9316,
        null,
        null,
        null,
        1,
        12,
        11,
        5,
        6,
        6,
        null,
        null,
        null,
        null,
        null,
        null
      ]
    },
    "timestamp": 1604427730
  }
}
