{
  "RSpec": {
    "coverage": {
      "/home/observant-course-8584/tic-tac-toe-rb-online-web-sp-000/lib/tic_tac_toe.rb": [
        1,
        22,
        null,
        null,
        null,
        null,
        1,
        null,
        null,
        null,
        null,
        null,
        null,
        null,
        null,
        null,
        null,
        1,
        10,
        70,
        null,
        null,
        null,
        null,
        null,
        1,
        59,
        null,
        null,
        1,
        5,
        null,
        null,
        1,
        3,
        null,
        null,
        1,
        3,
        2,
        null,
        null,
        null,
        1,
        0,
        null,
        null,
        1,
        14,
        14,
        14,
        14,
        14,
        null,
        null,
        null,
        1,
        13,
        null,
        null,
        1,
        12,
        null,
        null,
        1,
        13,
        null,
        null,
        1,
        110,
        null,
        null,
        1,
        10,
        null,
        null,
        1,
        13,
        13,
        10,
        10,
        9,
        9,
        null,
        1,
        null,
        null,
        null,
        1,
        12,
        null,
        null,
        null,
        null
      ]
    },
    "timestamp": 1604427202
  }
}
